<?xml version="1.0" encoding="UTF-8"?>
<coverage generated="1615153877309" clover="3.2.0">
  <project timestamp="1615153877309" name="All files">
    <metrics statements="27" coveredstatements="23" conditionals="12" coveredconditionals="7" methods="5" coveredmethods="5" elements="44" coveredelements="35" complexity="0" loc="27" ncloc="27" packages="1" files="2" classes="2"/>
    <file name="date.js" path="C:\Users\Lachie\src\travel-app\src\client\js\date.js">
      <metrics statements="20" coveredstatements="16" conditionals="12" coveredconditionals="7" methods="3" coveredmethods="3"/>
      <line num="4" count="2" type="stmt"/>
      <line num="7" count="2" type="cond" truecount="0" falsecount="1"/>
      <line num="8" count="2" type="stmt"/>
      <line num="9" count="2" type="stmt"/>
      <line num="10" count="2" type="stmt"/>
      <line num="11" count="2" type="stmt"/>
      <line num="15" count="2" type="stmt"/>
      <line num="16" count="3" type="stmt"/>
      <line num="17" count="3" type="stmt"/>
      <line num="18" count="3" type="stmt"/>
      <line num="20" count="3" type="stmt"/>
      <line num="28" count="2" type="stmt"/>
      <line num="29" count="5" type="cond" truecount="3" falsecount="4"/>
      <line num="31" count="1" type="stmt"/>
      <line num="33" count="1" type="stmt"/>
      <line num="35" count="0" type="stmt"/>
      <line num="37" count="2" type="stmt"/>
      <line num="39" count="0" type="stmt"/>
      <line num="41" count="0" type="stmt"/>
      <line num="43" count="0" type="stmt"/>
    </file>
    <file name="render-table.js" path="C:\Users\Lachie\src\travel-app\src\client\js\render-table.js">
      <metrics statements="7" coveredstatements="7" conditionals="0" coveredconditionals="0" methods="2" coveredmethods="2"/>
      <line num="6" count="1" type="stmt"/>
      <line num="7" count="1" type="stmt"/>
      <line num="9" count="1" type="stmt"/>
      <line num="10" count="2" type="stmt"/>
      <line num="11" count="2" type="stmt"/>
      <line num="16" count="1" type="stmt"/>
      <line num="20" count="3" type="stmt"/>
    </file>
  </project>
</coverage>
