{"C:\\Users\\Lachie\\src\\travel-app\\src\\client\\js\\date.js": {"path":"C:\\Users\\Lachie\\src\\travel-app\\src\\client\\js\\date.js","statementMap":{"0":{"start":{"line":4,"column":12},"end":{"line":4,"column":31}},"1":{"start":{"line":7,"column":32},"end":{"line":12,"column":1}},"2":{"start":{"line":8,"column":20},"end":{"line":8,"column":35}},"3":{"start":{"line":9,"column":19},"end":{"line":9,"column":56}},"4":{"start":{"line":10,"column":19},"end":{"line":10,"column":44}},"5":{"start":{"line":11,"column":2},"end":{"line":11,"column":18}},"6":{"start":{"line":15,"column":26},"end":{"line":25,"column":1}},"7":{"start":{"line":16,"column":15},"end":{"line":16,"column":38}},"8":{"start":{"line":17,"column":16},"end":{"line":17,"column":40}},"9":{"start":{"line":18,"column":15},"end":{"line":18,"column":34}},"10":{"start":{"line":20,"column":2},"end":{"line":24,"column":4}},"11":{"start":{"line":28,"column":18},"end":{"line":45,"column":1}},"12":{"start":{"line":29,"column":2},"end":{"line":44,"column":3}},"13":{"start":{"line":31,"column":6},"end":{"line":31,"column":22}},"14":{"start":{"line":33,"column":6},"end":{"line":33,"column":22}},"15":{"start":{"line":35,"column":6},"end":{"line":35,"column":23}},"16":{"start":{"line":37,"column":6},"end":{"line":37,"column":25}},"17":{"start":{"line":39,"column":6},"end":{"line":39,"column":24}},"18":{"start":{"line":41,"column":6},"end":{"line":41,"column":22}},"19":{"start":{"line":43,"column":6},"end":{"line":43,"column":24}}},"fnMap":{"0":{"name":"(anonymous_0)","decl":{"start":{"line":7,"column":32},"end":{"line":7,"column":33}},"loc":{"start":{"line":7,"column":73},"end":{"line":12,"column":1}},"line":7},"1":{"name":"(anonymous_1)","decl":{"start":{"line":15,"column":26},"end":{"line":15,"column":27}},"loc":{"start":{"line":15,"column":41},"end":{"line":25,"column":1}},"line":15},"2":{"name":"(anonymous_2)","decl":{"start":{"line":28,"column":18},"end":{"line":28,"column":19}},"loc":{"start":{"line":28,"column":27},"end":{"line":45,"column":1}},"line":28}},"branchMap":{"0":{"loc":{"start":{"line":7,"column":40},"end":{"line":7,"column":68}},"type":"default-arg","locations":[{"start":{"line":7,"column":48},"end":{"line":7,"column":68}}],"line":7},"1":{"loc":{"start":{"line":22,"column":14},"end":{"line":22,"column":35}},"type":"cond-expr","locations":[{"start":{"line":22,"column":27},"end":{"line":22,"column":30}},{"start":{"line":22,"column":33},"end":{"line":22,"column":35}}],"line":22},"2":{"loc":{"start":{"line":23,"column":13},"end":{"line":23,"column":33}},"type":"cond-expr","locations":[{"start":{"line":23,"column":25},"end":{"line":23,"column":28}},{"start":{"line":23,"column":31},"end":{"line":23,"column":33}}],"line":23},"3":{"loc":{"start":{"line":29,"column":2},"end":{"line":44,"column":3}},"type":"switch","locations":[{"start":{"line":30,"column":4},"end":{"line":31,"column":22}},{"start":{"line":32,"column":4},"end":{"line":33,"column":22}},{"start":{"line":34,"column":4},"end":{"line":35,"column":23}},{"start":{"line":36,"column":4},"end":{"line":37,"column":25}},{"start":{"line":38,"column":4},"end":{"line":39,"column":24}},{"start":{"line":40,"column":4},"end":{"line":41,"column":22}},{"start":{"line":42,"column":4},"end":{"line":43,"column":24}}],"line":29}},"s":{"0":2,"1":2,"2":2,"3":2,"4":2,"5":2,"6":2,"7":3,"8":3,"9":3,"10":3,"11":2,"12":5,"13":1,"14":1,"15":0,"16":2,"17":0,"18":0,"19":0},"f":{"0":2,"1":3,"2":5},"b":{"0":[0],"1":[2,1],"2":[1,2],"3":[1,1,0,2,0,0,0]},"_coverageSchema":"1a1c01bbd47fc00a2c39e90264f33305004495a9","hash":"aa77245a930db49bde196fe0b5cf4242c6f370ec"}
,"C:\\Users\\Lachie\\src\\travel-app\\src\\client\\js\\render-table.js": {"path":"C:\\Users\\Lachie\\src\\travel-app\\src\\client\\js\\render-table.js","statementMap":{"0":{"start":{"line":6,"column":23},"end":{"line":17,"column":1}},"1":{"start":{"line":7,"column":18},"end":{"line":7,"column":20}},"2":{"start":{"line":9,"column":2},"end":{"line":14,"column":3}},"3":{"start":{"line":9,"column":15},"end":{"line":9,"column":19}},"4":{"start":{"line":10,"column":16},"end":{"line":10,"column":66}},"5":{"start":{"line":11,"column":4},"end":{"line":13,"column":39}},"6":{"start":{"line":16,"column":2},"end":{"line":16,"column":19}},"7":{"start":{"line":20,"column":20},"end":{"line":35,"column":3}},"8":{"start":{"line":20,"column":37},"end":{"line":35,"column":3}}},"fnMap":{"0":{"name":"(anonymous_0)","decl":{"start":{"line":6,"column":23},"end":{"line":6,"column":24}},"loc":{"start":{"line":6,"column":43},"end":{"line":17,"column":1}},"line":6},"1":{"name":"(anonymous_1)","decl":{"start":{"line":20,"column":20},"end":{"line":20,"column":21}},"loc":{"start":{"line":20,"column":37},"end":{"line":35,"column":3}},"line":20}},"branchMap":{},"s":{"0":1,"1":1,"2":1,"3":1,"4":2,"5":2,"6":1,"7":1,"8":3},"f":{"0":1,"1":3},"b":{},"_coverageSchema":"1a1c01bbd47fc00a2c39e90264f33305004495a9","hash":"8cdb7e4c171a364d309dc526ebaa6502b35c99de"}
}
