TN:
SF:src\client\js\date.js
FN:7,(anonymous_0)
FN:15,(anonymous_1)
FN:28,(anonymous_2)
FNF:3
FNH:3
FNDA:2,(anonymous_0)
FNDA:3,(anonymous_1)
FNDA:5,(anonymous_2)
DA:4,2
DA:7,2
DA:8,2
DA:9,2
DA:10,2
DA:11,2
DA:15,2
DA:16,3
DA:17,3
DA:18,3
DA:20,3
DA:28,2
DA:29,5
DA:31,1
DA:33,1
DA:35,0
DA:37,2
DA:39,0
DA:41,0
DA:43,0
LF:20
LH:16
BRDA:7,0,0,0
BRDA:22,1,0,2
BRDA:22,1,1,1
BRDA:23,2,0,1
BRDA:23,2,1,2
BRDA:29,3,0,1
BRDA:29,3,1,1
BRDA:29,3,2,0
BRDA:29,3,3,2
BRDA:29,3,4,0
BRDA:29,3,5,0
BRDA:29,3,6,0
BRF:12
BRH:7
end_of_record
TN:
SF:src\client\js\render-table.js
FN:6,(anonymous_0)
FN:20,(anonymous_1)
FNF:2
FNH:2
FNDA:1,(anonymous_0)
FNDA:3,(anonymous_1)
DA:6,1
DA:7,1
DA:9,1
DA:10,2
DA:11,2
DA:16,1
DA:20,3
LF:7
LH:7
BRF:0
BRH:0
end_of_record
